{
  "RSpec": {
    "coverage": {
      "/Users/paullazar/Desktop/MakersCourse/makersbnb-ruby-seed/spec/booking_spec.rb": {
        "lines": [

        ]
      },
      "/Users/paullazar/Desktop/MakersCourse/makersbnb-ruby-seed/spec/customer_spec.rb": {
        "lines": [

        ]
      },
      "/Users/paullazar/Desktop/MakersCourse/makersbnb-ruby-seed/spec/integration/app_spec.rb": {
        "lines": [
          1,
          1,
          1,
          1,
          null,
          1,
          null,
          1,
          null,
          null,
          null,
          5,
          null,
          1,
          1,
          1,
          null,
          1,
          null,
          null,
          null,
          1,
          1,
          1,
          null,
          1,
          1,
          null,
          null,
          null,
          1,
          1,
          1,
          1,
          1,
          null,
          null,
          null,
          1,
          1,
          1,
          1,
          1,
          null,
          null,
          null
        ]
      },
      "/Users/paullazar/Desktop/MakersCourse/makersbnb-ruby-seed/app.rb": {
        "lines": [
          1,
          1,
          1,
          null,
          1,
          null,
          1,
          1,
          1,
          null,
          null,
          1,
          1,
          null,
          null,
          1,
          1,
          1,
          1,
          null,
          null,
          1,
          1,
          null,
          null,
          1,
          1,
          0,
          0,
          null,
          null,
          1,
          1,
          1,
          1,
          1,
          1,
          1,
          1,
          1,
          1,
          null,
          null,
          1,
          1,
          1,
          1,
          null,
          null
        ]
      },
      "/Users/paullazar/Desktop/MakersCourse/makersbnb-ruby-seed/lib/property_repository.rb": {
        "lines": [
          1,
          1,
          null,
          1,
          null,
          1,
          7,
          7,
          7,
          null,
          7,
          23,
          23,
          23,
          23,
          23,
          23,
          23,
          23,
          23,
          null,
          7,
          null,
          null,
          1,
          3,
          3,
          3,
          3,
          3,
          3,
          3,
          3,
          3,
          3,
          3,
          3,
          null,
          null,
          1,
          4,
          4,
          null,
          null,
          4,
          4,
          null,
          null,
          1,
          null,
          1,
          1,
          null,
          null,
          null,
          1,
          null,
          0,
          null,
          0,
          null,
          null,
          0,
          null,
          null,
          null
        ]
      },
      "/Users/paullazar/Desktop/MakersCourse/makersbnb-ruby-seed/lib/property_model.rb": {
        "lines": [
          1,
          1,
          null
        ]
      },
      "/Users/paullazar/Desktop/MakersCourse/makersbnb-ruby-seed/spec/owner_spec.rb": {
        "lines": [

        ]
      },
      "/Users/paullazar/Desktop/MakersCourse/makersbnb-ruby-seed/spec/property_spec.rb": {
        "lines": [
          1,
          null,
          1,
          5,
          5,
          5,
          null,
          null,
          1,
          1,
          5,
          null,
          1,
          1,
          1,
          1,
          1,
          1,
          1,
          null,
          null,
          1,
          1,
          1,
          1,
          1,
          null,
          null,
          1,
          1,
          1,
          1,
          1,
          1,
          1,
          1,
          1,
          1,
          1,
          1,
          1,
          1,
          1,
          null,
          null,
          1,
          1,
          1,
          1,
          1,
          1,
          1,
          1,
          1,
          1,
          1,
          null,
          1,
          1,
          1,
          1,
          1,
          1,
          1,
          1,
          null,
          1,
          1,
          1,
          1,
          null,
          null,
          null,
          1,
          1,
          1,
          1,
          null,
          null,
          null
        ]
      }
    },
    "timestamp": 1678878958
  }
}
